<?xml version="1.0" encoding="UTF-8"?>
<!-- Generated by org.testng.reporters.JUnitXMLReporter -->
<testsuite ignored="0" hostname="Nithya" failures="0" tests="4" name="Test" time="26.338" errors="0" timestamp="2026-03-25T12:20:23 IST">
  <testcase classname="testscript.LoginTest" name="verifyTheUserisAbleToLoginUsingInvalidusernameandPassword" time="5.143"/>
  <testcase classname="testscript.LoginTest" name="verifyTheUserisAbleToLoginUsingInvalidusernameandvalidpassword" time="1.04"/>
  <testcase classname="testscript.LoginTest" name="verifyTheUserisAbleToLoginUsingValidCredentials" time="1.257"/>
  <testcase classname="testscript.LoginTest" name="verifyTheUserisAbleToLoginUsingValidusernameandinvalidPassword" time="0.959"/>
</testsuite> <!-- Test -->
