<?xml version="1.0" encoding="UTF-8"?>
<!-- Generated by org.testng.reporters.JUnitXMLReporter -->
<testsuite ignored="4" hostname="Nithya" failures="0" tests="1" name="Test" time="6.548" errors="0" timestamp="2026-03-17T23:38:04 IST">
  <testcase classname="testscript.LoginTest" name="verifyTheUserisAbleToLoginUsingValidCredentials" time="4.105"/>
  <testcase classname="testscript.LoginTest" name="verifyTheUserisAbleToLoginUsingInvalidValidusernameandPassword" time="0.0">
    <ignored/>
  </testcase> <!-- verifyTheUserisAbleToLoginUsingInvalidValidusernameandPassword -->
  <testcase classname="testscript.LoginTest" name="verifyTheUserisAbleToLoginUsingValidusernameandinvalidPassword" time="0.0">
    <ignored/>
  </testcase> <!-- verifyTheUserisAbleToLoginUsingValidusernameandinvalidPassword -->
  <testcase classname="testscript.LoginTest" name="verifyTheUserisAbleToLoginUsingInvalidusernameandvalidpassword" time="0.0">
    <ignored/>
  </testcase> <!-- verifyTheUserisAbleToLoginUsingInvalidusernameandvalidpassword -->
  <testcase classname="testscript.ManageNewsTest" name="verifyTheUserAbleToManageNewsPage" time="0.0">
    <ignored/>
  </testcase> <!-- verifyTheUserAbleToManageNewsPage -->
</testsuite> <!-- Test -->
