<?xml version="1.0" encoding="UTF-8"?>
<!-- Generated by org.testng.reporters.JUnitReportReporter -->
<testsuite hostname="Nithya" failures="0" tests="2" name="testscript.ManageNewsTest" time="15.513" errors="0" timestamp="2026-03-19T11:19:18 IST" skipped="0">
  <testcase classname="testscript.ManageNewsTest" name="verifyTheUserAbleToManageNewsPage" time="4.683"/>
  <testcase classname="testscript.ManageNewsTest" name="verifyTheUserAbleToManageNewsPage" time="10.830"/>
</testsuite> <!-- testscript.ManageNewsTest -->
