<?xml version="1.0" encoding="UTF-8"?>
<!-- Generated by org.testng.reporters.JUnitReportReporter -->
<testsuite hostname="Nithya" failures="0" tests="4" name="testscript.LoginTest" time="14.808" errors="0" timestamp="2026-03-12T21:22:33 IST" skipped="0">
  <testcase classname="testscript.LoginTest" name="verifyTheUserisAbleToLoginUsingValidCredentials" time="3.156"/>
  <testcase classname="testscript.LoginTest" name="verifyTheUserisAbleToLoginUsingInvalidusernameandvalidpassword" time="3.643"/>
  <testcase classname="testscript.LoginTest" name="verifyTheUserisAbleToLoginUsingValidusernameandinvalidPassword" time="2.832"/>
  <testcase classname="testscript.LoginTest" name="verifyTheUserisAbleToLoginUsingInvalidValidusernameandPassword" time="5.177"/>
</testsuite> <!-- testscript.LoginTest -->
