<?xml version="1.0" encoding="UTF-8"?>
<!-- Generated by org.testng.reporters.JUnitReportReporter -->
<testsuite hostname="Nithya" failures="0" tests="4" name="testscript.LoginTest" time="20.691" errors="0" timestamp="2026-03-25T12:43:35 IST" skipped="0">
  <testcase classname="testscript.LoginTest" name="verifyTheUserisAbleToLoginUsingValidusernameandinvalidPassword" time="3.879"/>
  <testcase classname="testscript.LoginTest" name="verifyTheUserisAbleToLoginUsingInvalidusernameandPassword" time="8.447"/>
  <testcase classname="testscript.LoginTest" name="verifyTheUserisAbleToLoginUsingInvalidusernameandvalidpassword" time="4.216"/>
  <testcase classname="testscript.LoginTest" name="verifyTheUserisAbleToLoginUsingValidCredentials" time="4.149"/>
</testsuite> <!-- testscript.LoginTest -->
