<?xml version="1.0" encoding="UTF-8"?>
<!-- Generated by org.testng.reporters.JUnitReportReporter -->
<testsuite hostname="Nithya" failures="0" tests="2" name="testscript.ManageContactTest" time="21.595" errors="0" timestamp="2026-03-19T11:19:18 IST" skipped="0">
  <testcase classname="testscript.ManageContactTest" name="verifyUserCanCreateManageContact" time="10.394"/>
  <testcase classname="testscript.ManageContactTest" name="verifyUserCanCreateManageContact" time="11.201"/>
</testsuite> <!-- testscript.ManageContactTest -->
