<?xml version="1.0" encoding="UTF-8"?>
<testng-results ignored="0" total="1" passed="1" failed="0" skipped="0">
  <reporter-output>
  </reporter-output>
  <suite started-at="2026-03-25T12:53:24 IST" name="GroceryApp" finished-at="2026-03-25T12:53:36 IST" duration-ms="12293">
    <groups>
    </groups>
    <test started-at="2026-03-25T12:53:24 IST" name="Test" finished-at="2026-03-25T12:53:36 IST" duration-ms="12293">
      <class name="testscript.AdminUsersTest">
        <test-method is-config="true" signature="browserinitalization(java.lang.String)[pri:0, instance:testscript.AdminUsersTest@6f43c82]" started-at="2026-03-25T12:53:24 IST" name="browserinitalization" finished-at="2026-03-25T12:53:27 IST" duration-ms="2728" status="PASS">
          <params>
            <param index="0">
              <value>
                <![CDATA[Chrome]]>
              </value>
            </param>
          </params>
          <reporter-output>
          </reporter-output>
        </test-method> <!-- browserinitalization -->
        <test-method signature="verifyUserCanCreateAdminUsers()[pri:0, instance:testscript.AdminUsersTest@6f43c82]" started-at="2026-03-25T12:53:27 IST" name="verifyUserCanCreateAdminUsers" description="This test case verifies that a valid user is able to log in to the application and successfully add a new admin user by providing the required details. It ensures that the system displays a confirmation alert after saving the admin user information." finished-at="2026-03-25T12:53:36 IST" duration-ms="9082" status="PASS">
          <reporter-output>
          </reporter-output>
        </test-method> <!-- verifyUserCanCreateAdminUsers -->
        <test-method is-config="true" signature="browserQuitAndClose(org.testng.ITestResult)[pri:0, instance:testscript.AdminUsersTest@6f43c82]" started-at="2026-03-25T12:53:36 IST" name="browserQuitAndClose" finished-at="2026-03-25T12:53:36 IST" duration-ms="381" status="PASS">
          <params>
            <param index="0">
              <value>
                <![CDATA[[TestResult name=verifyUserCanCreateAdminUsers status=SUCCESS method=AdminUsersTest.verifyUserCanCreateAdminUsers()[pri:0, instance:testscript.AdminUsersTest@6f43c82] output={null}]]]>
              </value>
            </param>
          </params>
          <reporter-output>
          </reporter-output>
        </test-method> <!-- browserQuitAndClose -->
      </class> <!-- testscript.AdminUsersTest -->
    </test> <!-- Test -->
  </suite> <!-- GroceryApp -->
</testng-results>
